Using pre-set license
Built from '2022.1/staging' branch; Version is '2022.1.19f1 (2fd7b40534d1) revision 3135412'; Using compiler version '192829333'; Build Type 'Release'
OS: 'Windows 11  (10.0.22621) 64bit Core' Language: 'pl' Physical Memory: 16329 MB
BatchMode: 1, IsHumanControllingUs: 0, StartBugReporterOnCrash: 0, Is64bit: 1, IsPro: 1

COMMAND LINE ARGUMENTS:
C:\Program Files\Unity\Hub\Editor\2022.1.19f1\Editor\Unity.exe
-adb2
-batchMode
-noUpm
-name
AssetImportWorker0
-projectPath
C:/Users/panze/Desktop/VRFractalRepo/VRFractal
-logFile
Logs/AssetImportWorker0.log
-srvPort
50565
Successfully changed project path to: C:/Users/panze/Desktop/VRFractalRepo/VRFractal
C:/Users/panze/Desktop/VRFractalRepo/VRFractal
[UnityMemory] Configuration Parameters - Can be set up in boot.config
    "memorysetup-bucket-allocator-granularity=16"
    "memorysetup-bucket-allocator-bucket-count=8"
    "memorysetup-bucket-allocator-block-size=33554432"
    "memorysetup-bucket-allocator-block-count=8"
    "memorysetup-main-allocator-block-size=16777216"
    "memorysetup-thread-allocator-block-size=16777216"
    "memorysetup-gfx-main-allocator-block-size=16777216"
    "memorysetup-gfx-thread-allocator-block-size=16777216"
    "memorysetup-cache-allocator-block-size=4194304"
    "memorysetup-typetree-allocator-block-size=2097152"
    "memorysetup-profiler-bucket-allocator-granularity=16"
    "memorysetup-profiler-bucket-allocator-bucket-count=8"
    "memorysetup-profiler-bucket-allocator-block-size=33554432"
    "memorysetup-profiler-bucket-allocator-block-count=8"
    "memorysetup-profiler-allocator-block-size=16777216"
    "memorysetup-profiler-editor-allocator-block-size=1048576"
    "memorysetup-temp-allocator-size-main=16777216"
    "memorysetup-job-temp-allocator-block-size=2097152"
    "memorysetup-job-temp-allocator-block-size-background=1048576"
    "memorysetup-job-temp-allocator-reduction-small-platforms=262144"
    "memorysetup-temp-allocator-size-background-worker=32768"
    "memorysetup-temp-allocator-size-job-worker=262144"
    "memorysetup-temp-allocator-size-preload-manager=33554432"
    "memorysetup-temp-allocator-size-nav-mesh-worker=65536"
    "memorysetup-temp-allocator-size-audio-worker=65536"
    "memorysetup-temp-allocator-size-cloud-worker=32768"
    "memorysetup-temp-allocator-size-gi-baking-worker=262144"
    "memorysetup-temp-allocator-size-gfx=262144"
Refreshing native plugins compatible for Editor in 99.79 ms, found 8 plugins.
Preloading 0 native plugins for Editor in 0.00 ms.
Initialize engine version: 2022.1.19f1 (2fd7b40534d1)
[Subsystems] Discovering subsystems at path C:/Program Files/Unity/Hub/Editor/2022.1.19f1/Editor/Data/Resources/UnitySubsystems
[Subsystems] Discovering subsystems at path C:/Users/panze/Desktop/VRFractalRepo/VRFractal/Assets
GfxDevice: creating device client; threaded=0; jobified=0
Direct3D:
    Version:  Direct3D 11.0 [level 11.1]
    Renderer: AMD Radeon RX 6800 (ID=0x73bf)
    Vendor:   ATI
    VRAM:     16338 MB
    Driver:   31.0.21001.45002
Initialize mono
Mono path[0] = 'C:/Program Files/Unity/Hub/Editor/2022.1.19f1/Editor/Data/Managed'
Mono path[1] = 'C:/Program Files/Unity/Hub/Editor/2022.1.19f1/Editor/Data/MonoBleedingEdge/lib/mono/unityjit-win32'
Mono config path = 'C:/Program Files/Unity/Hub/Editor/2022.1.19f1/Editor/Data/MonoBleedingEdge/etc'
Using monoOptions --debugger-agent=transport=dt_socket,embedding=1,server=y,suspend=n,address=127.0.0.1:56944
Begin MonoManager ReloadAssembly
Registering precompiled unity dll's ...
Register platform support module: C:/Program Files/Unity/Hub/Editor/2022.1.19f1/Editor/Data/PlaybackEngines/WindowsStandaloneSupport/UnityEditor.WindowsStandalone.Extensions.dll
Registered in 0.004700 seconds.
Native extension for WindowsStandalone target not found
Refreshing native plugins compatible for Editor in 88.68 ms, found 8 plugins.
Preloading 0 native plugins for Editor in 0.00 ms.
Mono: successfully reloaded assembly
- Completed reload, in  0.609 seconds
Domain Reload Profiling:
	ReloadAssembly (609ms)
		BeginReloadAssembly (66ms)
			ExecutionOrderSort (0ms)
			DisableScriptedObjects (0ms)
			BackupInstance (0ms)
			ReleaseScriptingObjects (0ms)
			CreateAndSetChildDomain (1ms)
		EndReloadAssembly (448ms)
			LoadAssemblies (64ms)
			RebuildTransferFunctionScriptingTraits (0ms)
			SetupTypeCache (95ms)
				TypeCache.Initialize (94ms)
					TypeCache.ScanAssembly (93ms)
				ResolveRequiredComponents (0ms)
			ReleaseScriptCaches (0ms)
			RebuildScriptCaches (26ms)
			SetupLoadedEditorAssemblies (276ms)
				LogAssemblyErrors (0ms)
				InitializePlatformSupportModulesInManaged (6ms)
				SetLoadedEditorAssemblies (6ms)
				RefreshPlugins (89ms)
				BeforeProcessingInitializeOnLoad (1ms)
				ProcessInitializeOnLoadAttributes (136ms)
				ProcessInitializeOnLoadMethodAttributes (37ms)
				AfterProcessingInitializeOnLoad (0ms)
				EditorAssembliesLoaded (0ms)
			ExecutionOrderSort2 (0ms)
			AwakeInstancesAfterBackupRestoration (0ms)
Platform modules already initialized, skipping
Registering precompiled user dll's ...
Registered in 0.008147 seconds.
Begin MonoManager ReloadAssembly
Symbol file LoadedFromMemory doesn't match image C:\Users\panze\Desktop\VRFractalRepo\VRFractal\Library\PackageCache\com.unity.visualscripting@1.7.8\Editor\VisualScripting.Core\Dependencies\YamlDotNet\Unity.VisualScripting.YamlDotNet.dll
Symbol file LoadedFromMemory doesn't match image C:\Users\panze\Desktop\VRFractalRepo\VRFractal\Library\PackageCache\com.unity.visualscripting@1.7.8\Editor\VisualScripting.Core\Dependencies\DotNetZip\Unity.VisualScripting.IonicZip.dll
Native extension for WindowsStandalone target not found
Refreshing native plugins compatible for Editor in 164.92 ms, found 8 plugins.
Preloading 0 native plugins for Editor in 0.00 ms.
Package Manager log level set to [2]
[Package Manager] Server::EnsureServerProcessIsRunning -- launch failed, reason: Unity was launched with the -noUpm command-line argument
[Package Manager] UpmClient::Send -- Unable to send message (not connected to UPM process).
[Package Manager] Cannot connect to Unity Package Manager local server
Mono: successfully reloaded assembly
[Package Manager] Server::EnsureServerProcessIsRunning -- launch failed, reason: Unity was launched with the -noUpm command-line argument
[Package Manager] UpmClient::Send -- Unable to send message (not connected to UPM process).
[Package Manager] Cannot connect to Unity Package Manager local server
[Package Manager] Server::EnsureServerProcessIsRunning -- launch failed, reason: Unity was launched with the -noUpm command-line argument
[Package Manager] UpmClient::Send -- Unable to send message (not connected to UPM process).
[Package Manager] Cannot connect to Unity Package Manager local server
- Completed reload, in  2.455 seconds
Domain Reload Profiling:
	ReloadAssembly (2456ms)
		BeginReloadAssembly (110ms)
			ExecutionOrderSort (0ms)
			DisableScriptedObjects (5ms)
			BackupInstance (0ms)
			ReleaseScriptingObjects (0ms)
			CreateAndSetChildDomain (20ms)
		EndReloadAssembly (2239ms)
			LoadAssemblies (90ms)
			RebuildTransferFunctionScriptingTraits (0ms)
			SetupTypeCache (539ms)
				TypeCache.Initialize (528ms)
					TypeCache.ScanAssembly (517ms)
				ResolveRequiredComponents (11ms)
			ReleaseScriptCaches (1ms)
			RebuildScriptCaches (142ms)
			SetupLoadedEditorAssemblies (1264ms)
				LogAssemblyErrors (0ms)
				InitializePlatformSupportModulesInManaged (10ms)
				SetLoadedEditorAssemblies (11ms)
				RefreshPlugins (165ms)
				BeforeProcessingInitializeOnLoad (237ms)
				ProcessInitializeOnLoadAttributes (797ms)
				ProcessInitializeOnLoadMethodAttributes (38ms)
				AfterProcessingInitializeOnLoad (6ms)
				EditorAssembliesLoaded (0ms)
			ExecutionOrderSort2 (0ms)
			AwakeInstancesAfterBackupRestoration (5ms)
Platform modules already initialized, skipping
========================================================================
Worker process is ready to serve import requests
Launched and connected shader compiler UnityShaderCompiler.exe after 0.04 seconds
Refreshing native plugins compatible for Editor in 1.39 ms, found 8 plugins.
Preloading 0 native plugins for Editor in 0.00 ms.
Unloading 4588 Unused Serialized files (Serialized files now loaded: 0)
Unloading 47 unused Assets / (58.7 KB). Loaded Objects now: 5047.
Memory consumption went from 0.69 GB to 0.69 GB.
Total: 4.594400 ms (FindLiveObjects: 0.618500 ms CreateObjectMapping: 0.143300 ms MarkObjects: 3.725000 ms  DeleteObjects: 0.106300 ms)

AssetImportParameters requested are different than current active one (requested -> active):
  custom:video-decoder-ogg-theora: a1e56fd34408186e4bbccfd4996cb3dc -> 
  custom:container-muxer-webm: aa71ff27fc2769a1b78a27578f13a17b -> 
  custom:container-demuxer-webm: 4f35f7cbe854078d1ac9338744f61a02 -> 
  custom:video-encoder-webm-vp8: eb34c28f22e8b96e1ab97ce403110664 -> 
  custom:audio-encoder-webm-vorbis: bf7c407c2cedff20999df2af8eb42d56 -> 
  custom:framework-win-MediaFoundation: 216162199b28c13a410421893ffa2e32 -> 
  custom:container-demuxer-ogg: 62fdf1f143b41e24485cea50d1cbac27 -> 
  custom:video-decoder-webm-vp8: 9c59270c3fd7afecdb556c50c9e8de78 -> 
  custom:audio-decoder-ogg-vorbis: bf7c407c2cedff20999df2af8eb42d56 -> 
========================================================================
Received Import Request.
  Time since last request: 3836.858462 seconds.
  path: Assets/DistanceFunctions.cginc
  artifactKey: Guid(8564b0bd148556945bfd59e22c3530b4) Importer(815301076,1909f56bfc062723c751e8b465ee728b)
Start importing Assets/DistanceFunctions.cginc using Guid(8564b0bd148556945bfd59e22c3530b4) Importer(815301076,1909f56bfc062723c751e8b465ee728b)  -> (artifact id: '0d883a56131d1419fae27201590376b4') in 0.055154 seconds 
========================================================================
Received Import Request.
  Time since last request: 85.936487 seconds.
  path: Assets/Scripts/geometry1.cs
  artifactKey: Guid(47b86056990ce9c4291ff465aa176753) Importer(815301076,1909f56bfc062723c751e8b465ee728b)
Start importing Assets/Scripts/geometry1.cs using Guid(47b86056990ce9c4291ff465aa176753) Importer(815301076,1909f56bfc062723c751e8b465ee728b)  -> (artifact id: '93789b77b205b521e03ce268e3e05c44') in 0.013005 seconds 
========================================================================
Received Import Request.
  Time since last request: 1.673116 seconds.
  path: Assets/Mathss.cginc
  artifactKey: Guid(83d6e1d2149102a458b8a5578fa0a03b) Importer(815301076,1909f56bfc062723c751e8b465ee728b)
Start importing Assets/Mathss.cginc using Guid(83d6e1d2149102a458b8a5578fa0a03b) Importer(815301076,1909f56bfc062723c751e8b465ee728b)  -> (artifact id: 'd9e97741d46b0330a6ca0ee21c69ea03') in 0.010594 seconds 
========================================================================
Received Import Request.
  Time since last request: 305.802908 seconds.
  path: Assets/Mathss.cginc
  artifactKey: Guid(83d6e1d2149102a458b8a5578fa0a03b) Importer(815301076,1909f56bfc062723c751e8b465ee728b)
Start importing Assets/Mathss.cginc using Guid(83d6e1d2149102a458b8a5578fa0a03b) Importer(815301076,1909f56bfc062723c751e8b465ee728b)  -> (artifact id: '59563f2d8e538d57d7f43fa880dfe110') in 0.002851 seconds 
========================================================================
Received Import Request.
  Time since last request: 63.582240 seconds.
  path: Assets/Scenes/Spheres.unity
  artifactKey: Guid(711cbf389ad67ae458eb913f3cb7d3d3) Importer(815301076,1909f56bfc062723c751e8b465ee728b)
Start importing Assets/Scenes/Spheres.unity using Guid(711cbf389ad67ae458eb913f3cb7d3d3) Importer(815301076,1909f56bfc062723c751e8b465ee728b)  -> (artifact id: 'adf9ace26ae53aba5e24fee3802916d3') in 0.010742 seconds 
========================================================================
Received Import Request.
  Time since last request: 6.792268 seconds.
  path: Assets/Scenes/Sierp1.unity
  artifactKey: Guid(6d8c286addb0b81478837af96548b6c5) Importer(815301076,1909f56bfc062723c751e8b465ee728b)
Start importing Assets/Scenes/Sierp1.unity using Guid(6d8c286addb0b81478837af96548b6c5) Importer(815301076,1909f56bfc062723c751e8b465ee728b)  -> (artifact id: '96750d7b62f067d956e69380067ee9de') in 0.009907 seconds 
========================================================================
Received Import Request.
  Time since last request: 4.849074 seconds.
  path: Assets/Scenes/Sierp2.unity
  artifactKey: Guid(a6e71d07c3f538e4589c706dea359b9e) Importer(815301076,1909f56bfc062723c751e8b465ee728b)
Start importing Assets/Scenes/Sierp2.unity using Guid(a6e71d07c3f538e4589c706dea359b9e) Importer(815301076,1909f56bfc062723c751e8b465ee728b)  -> (artifact id: '382884fca12d20c8b712779def718ceb') in 0.009190 seconds 
========================================================================
Received Import Request.
  Time since last request: 21.968120 seconds.
  path: Assets/Scenes
  artifactKey: Guid(6ea315d0fd7389c41b19996891e99ae3) Importer(815301076,1909f56bfc062723c751e8b465ee728b)
Start importing Assets/Scenes using Guid(6ea315d0fd7389c41b19996891e99ae3) Importer(815301076,1909f56bfc062723c751e8b465ee728b)  -> (artifact id: '0588a9b872abd718af1e356a23235445') in 0.011664 seconds 
========================================================================
Received Import Request.
  Time since last request: 4.827799 seconds.
  path: Assets/Scenes/MainMenu.unity
  artifactKey: Guid(f15d478166a5b264c858645f3a3e9c8d) Importer(815301076,1909f56bfc062723c751e8b465ee728b)
Start importing Assets/Scenes/MainMenu.unity using Guid(f15d478166a5b264c858645f3a3e9c8d) Importer(815301076,1909f56bfc062723c751e8b465ee728b)  -> (artifact id: '9d676bcab986564bf22db5d476560ffc') in 0.009773 seconds 
========================================================================
Received Import Request.
  Time since last request: 13.347867 seconds.
  path: Assets/Scenes/Sierp2 1.unity
  artifactKey: Guid(3203ead1b6285be4899277271dadeeb0) Importer(815301076,1909f56bfc062723c751e8b465ee728b)
Start importing Assets/Scenes/Sierp2 1.unity using Guid(3203ead1b6285be4899277271dadeeb0) Importer(815301076,1909f56bfc062723c751e8b465ee728b)  -> (artifact id: '95f1e85543a5bfeeedec96d19537e937') in 0.008942 seconds 
========================================================================
Received Import Request.
  Time since last request: 10.627576 seconds.
  path: Assets/Scenes/MengerTest.unity
  artifactKey: Guid(edbda79012c5acb45b59563d1b67a586) Importer(815301076,1909f56bfc062723c751e8b465ee728b)
Start importing Assets/Scenes/MengerTest.unity using Guid(edbda79012c5acb45b59563d1b67a586) Importer(815301076,1909f56bfc062723c751e8b465ee728b)  -> (artifact id: '97bfa3d2b51528dc21aecc822fbf6a51') in 0.009544 seconds 
========================================================================
Received Import Request.
  Time since last request: 1.667150 seconds.
  path: Assets/Scenes/TestTest.unity
  artifactKey: Guid(3203ead1b6285be4899277271dadeeb0) Importer(815301076,1909f56bfc062723c751e8b465ee728b)
Start importing Assets/Scenes/TestTest.unity using Guid(3203ead1b6285be4899277271dadeeb0) Importer(815301076,1909f56bfc062723c751e8b465ee728b)  -> (artifact id: '274fbe258b59bb02e39fb050e91d0a26') in 0.009357 seconds 
